# JRE version: OpenJDK Runtime Environment (17.0.6) (build 17.0.6+0-b2043.56-10027231)
# Java VM: OpenJDK 64-Bit Server VM (17.0.6+0-b2043.56-10027231, mixed mode, tiered, compressed oops, compressed class ptrs, g1 gc, windows-amd64)
GC Precious Log:
 CPUs: 8 total, 8 available
 Memory: 16003M
 Large Page Support: Disabled
 NUMA Support: Disabled
 Compressed Oops: Enabled (32-bit)
 Heap Region Size: 1M
 Heap Min Capacity: 8M
 Heap Initial Capacity: 252M
 Heap Max Capacity: 2G
 Pre-touch: Disabled
 Parallel Workers: 8
 Concurrent Workers: 2
 Concurrent Refinement Workers: 8
 Periodic GC: Disabled
Heap:
 garbage-first heap   total 145408K, used 96354K [0x0000000080000000, 0x0000000100000000)
  region size 1024K, 2 young (2048K), 2 survivors (2048K)
 Metaspace       used 67917K, committed 68544K, reserved 1114112K
  class space    used 9075K, committed 9344K, reserved 1048576K
GC Heap History (20 events):
Event: 7.578 GC heap after
{Heap after GC invocations=12 (full 0):
 garbage-first heap   total 86016K, used 50482K [0x0000000080000000, 0x0000000100000000)
  region size 1024K, 2 young (2048K), 2 survivors (2048K)
 Metaspace       used 35275K, committed 35648K, reserved 1081344K
  class space    used 4910K, committed 5056K, reserved 1048576K
}
Event: 8.293 GC heap before
{Heap before GC invocations=12 (full 0):
 garbage-first heap   total 86016K, used 66866K [0x0000000080000000, 0x0000000100000000)
  region size 1024K, 19 young (19456K), 2 survivors (2048K)
 Metaspace       used 40464K, committed 40896K, reserved 1089536K
  class space    used 5484K, committed 5696K, reserved 1048576K
}
Event: 8.300 GC heap after
{Heap after GC invocations=13 (full 0):
 garbage-first heap   total 132096K, used 52917K [0x0000000080000000, 0x0000000100000000)
  region size 1024K, 3 young (3072K), 3 survivors (3072K)
 Metaspace       used 40464K, committed 40896K, reserved 1089536K
  class space    used 5484K, committed 5696K, reserved 1048576K
}
Event: 9.514 GC heap before
{Heap before GC invocations=14 (full 0):
 garbage-first heap   total 132096K, used 102069K [0x0000000080000000, 0x0000000100000000)
  region size 1024K, 49 young (50176K), 3 survivors (3072K)
 Metaspace       used 45281K, committed 45696K, reserved 1089536K
  class space    used 5998K, committed 6208K, reserved 1048576K
}
Event: 9.527 GC heap after
{Heap after GC invocations=15 (full 0):
 garbage-first heap   total 132096K, used 57816K [0x0000000080000000, 0x0000000100000000)
  region size 1024K, 7 young (7168K), 7 survivors (7168K)
 Metaspace       used 45281K, committed 45696K, reserved 1089536K
  class space    used 5998K, committed 6208K, reserved 1048576K
}
Event: 10.636 GC heap before
{Heap before GC invocations=15 (full 0):
 garbage-first heap   total 132096K, used 106968K [0x0000000080000000, 0x0000000100000000)
  region size 1024K, 49 young (50176K), 7 survivors (7168K)
 Metaspace       used 49190K, committed 49728K, reserved 1097728K
  class space    used 6433K, committed 6656K, reserved 1048576K
}
Event: 10.652 GC heap after
{Heap after GC invocations=16 (full 0):
 garbage-first heap   total 132096K, used 70080K [0x0000000080000000, 0x0000000100000000)
  region size 1024K, 6 young (6144K), 6 survivors (6144K)
 Metaspace       used 49190K, committed 49728K, reserved 1097728K
  class space    used 6433K, committed 6656K, reserved 1048576K
}
Event: 11.719 GC heap before
{Heap before GC invocations=16 (full 0):
 garbage-first heap   total 132096K, used 104896K [0x0000000080000000, 0x0000000100000000)
  region size 1024K, 40 young (40960K), 6 survivors (6144K)
 Metaspace       used 52525K, committed 53056K, reserved 1097728K
  class space    used 7015K, committed 7232K, reserved 1048576K
}
Event: 11.731 GC heap after
{Heap after GC invocations=17 (full 0):
 garbage-first heap   total 132096K, used 73200K [0x0000000080000000, 0x0000000100000000)
  region size 1024K, 4 young (4096K), 4 survivors (4096K)
 Metaspace       used 52525K, committed 53056K, reserved 1097728K
  class space    used 7015K, committed 7232K, reserved 1048576K
}
Event: 12.663 GC heap before
{Heap before GC invocations=18 (full 0):
 garbage-first heap   total 132096K, used 104944K [0x0000000080000000, 0x0000000100000000)
  region size 1024K, 35 young (35840K), 4 survivors (4096K)
 Metaspace       used 54558K, committed 55168K, reserved 1097728K
  class space    used 7287K, committed 7552K, reserved 1048576K
}
Event: 12.673 GC heap after
{Heap after GC invocations=19 (full 0):
 garbage-first heap   total 132096K, used 76420K [0x0000000080000000, 0x0000000100000000)
  region size 1024K, 4 young (4096K), 4 survivors (4096K)
 Metaspace       used 54558K, committed 55168K, reserved 1097728K
  class space    used 7287K, committed 7552K, reserved 1048576K
}
Event: 13.456 GC heap before
{Heap before GC invocations=19 (full 0):
 garbage-first heap   total 132096K, used 107140K [0x0000000080000000, 0x0000000100000000)
  region size 1024K, 34 young (34816K), 4 survivors (4096K)
 Metaspace       used 57721K, committed 58368K, reserved 1105920K
  class space    used 7796K, committed 8064K, reserved 1048576K
}
Event: 13.467 GC heap after
{Heap after GC invocations=20 (full 0):
 garbage-first heap   total 132096K, used 78674K [0x0000000080000000, 0x0000000100000000)
  region size 1024K, 3 young (3072K), 3 survivors (3072K)
 Metaspace       used 57721K, committed 58368K, reserved 1105920K
  class space    used 7796K, committed 8064K, reserved 1048576K
}
Event: 14.255 GC heap before
{Heap before GC invocations=21 (full 0):
 garbage-first heap   total 140288K, used 104274K [0x0000000080000000, 0x0000000100000000)
  region size 1024K, 30 young (30720K), 3 survivors (3072K)
 Metaspace       used 59901K, committed 60480K, reserved 1105920K
  class space    used 8038K, committed 8256K, reserved 1048576K
}
Event: 14.263 GC heap after
{Heap after GC invocations=22 (full 0):
 garbage-first heap   total 140288K, used 80448K [0x0000000080000000, 0x0000000100000000)
  region size 1024K, 2 young (2048K), 2 survivors (2048K)
 Metaspace       used 59901K, committed 60480K, reserved 1105920K
  class space    used 8038K, committed 8256K, reserved 1048576K
}
Event: 15.396 GC heap before
{Heap before GC invocations=23 (full 0):
 garbage-first heap   total 145408K, used 123456K [0x0000000080000000, 0x0000000100000000)
  region size 1024K, 36 young (36864K), 2 survivors (2048K)
 Metaspace       used 63536K, committed 64192K, reserved 1105920K
  class space    used 8555K, committed 8832K, reserved 1048576K
}
Event: 15.404 GC heap after
{Heap after GC invocations=24 (full 0):
 garbage-first heap   total 145408K, used 95716K [0x0000000080000000, 0x0000000100000000)
  region size 1024K, 5 young (5120K), 5 survivors (5120K)
 Metaspace       used 63536K, committed 64192K, reserved 1105920K
  class space    used 8555K, committed 8832K, reserved 1048576K
}
Event: 15.459 GC heap before
{Heap before GC invocations=24 (full 0):
 garbage-first heap   total 145408K, used 97764K [0x0000000080000000, 0x0000000100000000)
  region size 1024K, 7 young (7168K), 5 survivors (5120K)
 Metaspace       used 63972K, committed 64576K, reserved 1105920K
  class space    used 8581K, committed 8832K, reserved 1048576K
}
Event: 15.469 GC heap after
{Heap after GC invocations=25 (full 0):
 garbage-first heap   total 145408K, used 95636K [0x0000000080000000, 0x0000000100000000)
  region size 1024K, 1 young (1024K), 1 survivors (1024K)
 Metaspace       used 63972K, committed 64576K, reserved 1105920K
  class space    used 8581K, committed 8832K, reserved 1048576K
}
Event: 16.174 GC heap before
{Heap before GC invocations=25 (full 0):
 garbage-first heap   total 145408K, used 120212K [0x0000000080000000, 0x0000000100000000)
  region size 1024K, 26 young (26624K), 1 survivors (1024K)
 Metaspace       used 67917K, committed 68544K, reserved 1114112K
  class space    used 9075K, committed 9344K, reserved 1048576K
}

