# JRE version: OpenJDK Runtime Environment (17.0.6) (build 17.0.6+0-b2043.56-10027231)
# Java VM: OpenJDK 64-Bit Server VM (17.0.6+0-b2043.56-10027231, mixed mode, tiered, compressed oops, compressed class ptrs, g1 gc, windows-amd64)
GC Precious Log:
 CPUs: 8 total, 8 available
 Memory: 16003M
 Large Page Support: Disabled
 NUMA Support: Disabled
 Compressed Oops: Enabled (32-bit)
 Heap Region Size: 1M
 Heap Min Capacity: 8M
 Heap Initial Capacity: 252M
 Heap Max Capacity: 2G
 Pre-touch: Disabled
 Parallel Workers: 8
 Concurrent Workers: 2
 Concurrent Refinement Workers: 8
 Periodic GC: Disabled
Heap:
 garbage-first heap   total 128000K, used 80466K [0x0000000080000000, 0x0000000100000000)
  region size 1024K, 6 young (6144K), 3 survivors (3072K)
 Metaspace       used 57170K, committed 57792K, reserved 1105920K
  class space    used 7738K, committed 8000K, reserved 1048576K
GC Heap History (20 events):
Event: 8.563 GC heap before
{Heap before GC invocations=12 (full 0):
 garbage-first heap   total 89088K, used 68594K [0x0000000080000000, 0x0000000100000000)
  region size 1024K, 20 young (20480K), 2 survivors (2048K)
 Metaspace       used 40293K, committed 40704K, reserved 1089536K
  class space    used 5434K, committed 5632K, reserved 1048576K
}
Event: 8.570 GC heap after
{Heap after GC invocations=13 (full 0):
 garbage-first heap   total 89088K, used 53796K [0x0000000080000000, 0x0000000100000000)
  region size 1024K, 3 young (3072K), 3 survivors (3072K)
 Metaspace       used 40293K, committed 40704K, reserved 1089536K
  class space    used 5434K, committed 5632K, reserved 1048576K
}
Event: 8.951 GC heap before
{Heap before GC invocations=14 (full 0):
 garbage-first heap   total 94208K, used 69156K [0x0000000080000000, 0x0000000100000000)
  region size 1024K, 19 young (19456K), 3 survivors (3072K)
 Metaspace       used 41700K, committed 42112K, reserved 1089536K
  class space    used 5577K, committed 5760K, reserved 1048576K
}
Event: 8.959 GC heap after
{Heap after GC invocations=15 (full 0):
 garbage-first heap   total 94208K, used 56317K [0x0000000080000000, 0x0000000100000000)
  region size 1024K, 3 young (3072K), 3 survivors (3072K)
 Metaspace       used 41700K, committed 42112K, reserved 1089536K
  class space    used 5577K, committed 5760K, reserved 1048576K
}
Event: 9.204 GC heap before
{Heap before GC invocations=15 (full 0):
 garbage-first heap   total 94208K, used 67581K [0x0000000080000000, 0x0000000100000000)
  region size 1024K, 16 young (16384K), 3 survivors (3072K)
 Metaspace       used 42168K, committed 42560K, reserved 1089536K
  class space    used 5623K, committed 5824K, reserved 1048576K
}
Event: 9.210 GC heap after
{Heap after GC invocations=16 (full 0):
 garbage-first heap   total 113664K, used 57037K [0x0000000080000000, 0x0000000100000000)
  region size 1024K, 2 young (2048K), 2 survivors (2048K)
 Metaspace       used 42168K, committed 42560K, reserved 1089536K
  class space    used 5623K, committed 5824K, reserved 1048576K
}
Event: 10.334 GC heap before
{Heap before GC invocations=17 (full 0):
 garbage-first heap   total 113664K, used 90829K [0x0000000080000000, 0x0000000100000000)
  region size 1024K, 33 young (33792K), 2 survivors (2048K)
 Metaspace       used 46619K, committed 47040K, reserved 1089536K
  class space    used 6192K, committed 6400K, reserved 1048576K
}
Event: 10.341 GC heap after
{Heap after GC invocations=18 (full 0):
 garbage-first heap   total 113664K, used 59588K [0x0000000080000000, 0x0000000100000000)
  region size 1024K, 5 young (5120K), 5 survivors (5120K)
 Metaspace       used 46619K, committed 47040K, reserved 1089536K
  class space    used 6192K, committed 6400K, reserved 1048576K
}
Event: 10.883 GC heap before
{Heap before GC invocations=19 (full 0):
 garbage-first heap   total 116736K, used 83140K [0x0000000080000000, 0x0000000100000000)
  region size 1024K, 24 young (24576K), 5 survivors (5120K)
 Metaspace       used 47958K, committed 48448K, reserved 1097728K
  class space    used 6357K, committed 6592K, reserved 1048576K
}
Event: 10.893 GC heap after
{Heap after GC invocations=20 (full 0):
 garbage-first heap   total 116736K, used 69193K [0x0000000080000000, 0x0000000100000000)
  region size 1024K, 4 young (4096K), 4 survivors (4096K)
 Metaspace       used 47958K, committed 48448K, reserved 1097728K
  class space    used 6357K, committed 6592K, reserved 1048576K
}
Event: 11.443 GC heap before
{Heap before GC invocations=21 (full 0):
 garbage-first heap   total 121856K, used 91721K [0x0000000080000000, 0x0000000100000000)
  region size 1024K, 25 young (25600K), 4 survivors (4096K)
 Metaspace       used 49787K, committed 50304K, reserved 1097728K
  class space    used 6535K, committed 6720K, reserved 1048576K
}
Event: 11.449 GC heap after
{Heap after GC invocations=22 (full 0):
 garbage-first heap   total 121856K, used 71651K [0x0000000080000000, 0x0000000100000000)
  region size 1024K, 3 young (3072K), 3 survivors (3072K)
 Metaspace       used 49787K, committed 50304K, reserved 1097728K
  class space    used 6535K, committed 6720K, reserved 1048576K
}
Event: 12.172 GC heap before
{Heap before GC invocations=22 (full 0):
 garbage-first heap   total 121856K, used 95203K [0x0000000080000000, 0x0000000100000000)
  region size 1024K, 26 young (26624K), 3 survivors (3072K)
 Metaspace       used 52334K, committed 52800K, reserved 1097728K
  class space    used 6985K, committed 7168K, reserved 1048576K
}
Event: 12.179 GC heap after
{Heap after GC invocations=23 (full 0):
 garbage-first heap   total 121856K, used 73509K [0x0000000080000000, 0x0000000100000000)
  region size 1024K, 2 young (2048K), 2 survivors (2048K)
 Metaspace       used 52334K, committed 52800K, reserved 1097728K
  class space    used 6985K, committed 7168K, reserved 1048576K
}
Event: 13.318 GC heap before
{Heap before GC invocations=24 (full 0):
 garbage-first heap   total 128000K, used 97061K [0x0000000080000000, 0x0000000100000000)
  region size 1024K, 25 young (25600K), 2 survivors (2048K)
 Metaspace       used 54472K, committed 55104K, reserved 1097728K
  class space    used 7274K, committed 7552K, reserved 1048576K
}
Event: 13.324 GC heap after
{Heap after GC invocations=25 (full 0):
 garbage-first heap   total 128000K, used 75690K [0x0000000080000000, 0x0000000100000000)
  region size 1024K, 4 young (4096K), 4 survivors (4096K)
 Metaspace       used 54472K, committed 55104K, reserved 1097728K
  class space    used 7274K, committed 7552K, reserved 1048576K
}
Event: 13.378 GC heap before
{Heap before GC invocations=25 (full 0):
 garbage-first heap   total 128000K, used 76714K [0x0000000080000000, 0x0000000100000000)
  region size 1024K, 6 young (6144K), 4 survivors (4096K)
 Metaspace       used 54558K, committed 55168K, reserved 1097728K
  class space    used 7292K, committed 7552K, reserved 1048576K
}
Event: 13.386 GC heap after
{Heap after GC invocations=26 (full 0):
 garbage-first heap   total 128000K, used 76417K [0x0000000080000000, 0x0000000100000000)
  region size 1024K, 1 young (1024K), 1 survivors (1024K)
 Metaspace       used 54558K, committed 55168K, reserved 1097728K
  class space    used 7292K, committed 7552K, reserved 1048576K
}
Event: 14.118 GC heap before
{Heap before GC invocations=26 (full 0):
 garbage-first heap   total 128000K, used 102017K [0x0000000080000000, 0x0000000100000000)
  region size 1024K, 27 young (27648K), 1 survivors (1024K)
 Metaspace       used 56843K, committed 57472K, reserved 1105920K
  class space    used 7643K, committed 7936K, reserved 1048576K
}
Event: 14.123 GC heap after
{Heap after GC invocations=27 (full 0):
 garbage-first heap   total 128000K, used 78418K [0x0000000080000000, 0x0000000100000000)
  region size 1024K, 3 young (3072K), 3 survivors (3072K)
 Metaspace       used 56843K, committed 57472K, reserved 1105920K
  class space    used 7643K, committed 7936K, reserved 1048576K
}

