# JRE version: OpenJDK Runtime Environment (17.0.6) (build 17.0.6+0-b2043.56-10027231)
# Java VM: OpenJDK 64-Bit Server VM (17.0.6+0-b2043.56-10027231, mixed mode, tiered, compressed oops, compressed class ptrs, g1 gc, windows-amd64)
GC Precious Log:
 CPUs: 8 total, 8 available
 Memory: 16003M
 Large Page Support: Disabled
 NUMA Support: Disabled
 Compressed Oops: Enabled (32-bit)
 Heap Region Size: 1M
 Heap Min Capacity: 8M
 Heap Initial Capacity: 252M
 Heap Max Capacity: 2G
 Pre-touch: Disabled
 Parallel Workers: 8
 Concurrent Workers: 2
 Concurrent Refinement Workers: 8
 Periodic GC: Disabled
Heap:
 garbage-first heap   total 162816K, used 101405K [0x0000000080000000, 0x0000000100000000)
  region size 1024K, 2 young (2048K), 2 survivors (2048K)
 Metaspace       used 66297K, committed 67008K, reserved 1114112K
  class space    used 8783K, committed 9088K, reserved 1048576K
GC Heap History (20 events):
Event: 11.584 GC heap after
{Heap after GC invocations=21 (full 0):
 garbage-first heap   total 114688K, used 68371K [0x0000000080000000, 0x0000000100000000)
  region size 1024K, 4 young (4096K), 4 survivors (4096K)
 Metaspace       used 47939K, committed 48384K, reserved 1097728K
  class space    used 6348K, committed 6528K, reserved 1048576K
}
Event: 12.155 GC heap before
{Heap before GC invocations=22 (full 0):
 garbage-first heap   total 121856K, used 90899K [0x0000000080000000, 0x0000000100000000)
  region size 1024K, 25 young (25600K), 4 survivors (4096K)
 Metaspace       used 49724K, committed 50240K, reserved 1097728K
  class space    used 6514K, committed 6720K, reserved 1048576K
}
Event: 12.163 GC heap after
{Heap after GC invocations=23 (full 0):
 garbage-first heap   total 121856K, used 70341K [0x0000000080000000, 0x0000000100000000)
  region size 1024K, 3 young (3072K), 3 survivors (3072K)
 Metaspace       used 49724K, committed 50240K, reserved 1097728K
  class space    used 6514K, committed 6720K, reserved 1048576K
}
Event: 12.949 GC heap before
{Heap before GC invocations=23 (full 0):
 garbage-first heap   total 121856K, used 94917K [0x0000000080000000, 0x0000000100000000)
  region size 1024K, 27 young (27648K), 3 survivors (3072K)
 Metaspace       used 52433K, committed 52928K, reserved 1097728K
  class space    used 6990K, committed 7168K, reserved 1048576K
}
Event: 12.957 GC heap after
{Heap after GC invocations=24 (full 0):
 garbage-first heap   total 121856K, used 72257K [0x0000000080000000, 0x0000000100000000)
  region size 1024K, 2 young (2048K), 2 survivors (2048K)
 Metaspace       used 52433K, committed 52928K, reserved 1097728K
  class space    used 6990K, committed 7168K, reserved 1048576K
}
Event: 13.811 GC heap before
{Heap before GC invocations=25 (full 0):
 garbage-first heap   total 128000K, used 95809K [0x0000000080000000, 0x0000000100000000)
  region size 1024K, 25 young (25600K), 2 survivors (2048K)
 Metaspace       used 54490K, committed 55040K, reserved 1097728K
  class space    used 7271K, committed 7488K, reserved 1048576K
}
Event: 13.820 GC heap after
{Heap after GC invocations=26 (full 0):
 garbage-first heap   total 128000K, used 74478K [0x0000000080000000, 0x0000000100000000)
  region size 1024K, 4 young (4096K), 4 survivors (4096K)
 Metaspace       used 54490K, committed 55040K, reserved 1097728K
  class space    used 7271K, committed 7488K, reserved 1048576K
}
Event: 14.251 GC heap before
{Heap before GC invocations=26 (full 0):
 garbage-first heap   total 128000K, used 92910K [0x0000000080000000, 0x0000000100000000)
  region size 1024K, 24 young (24576K), 4 survivors (4096K)
 Metaspace       used 54812K, committed 55424K, reserved 1097728K
  class space    used 7301K, committed 7552K, reserved 1048576K
}
Event: 14.258 GC heap after
{Heap after GC invocations=27 (full 0):
 garbage-first heap   total 128000K, used 76377K [0x0000000080000000, 0x0000000100000000)
  region size 1024K, 3 young (3072K), 3 survivors (3072K)
 Metaspace       used 54812K, committed 55424K, reserved 1097728K
  class space    used 7301K, committed 7552K, reserved 1048576K
}
Event: 14.419 GC heap before
{Heap before GC invocations=28 (full 0):
 garbage-first heap   total 143360K, used 92761K [0x0000000080000000, 0x0000000100000000)
  region size 1024K, 12 young (12288K), 3 survivors (3072K)
 Metaspace       used 55178K, committed 55808K, reserved 1097728K
  class space    used 7363K, committed 7616K, reserved 1048576K
}
Event: 14.425 GC heap after
{Heap after GC invocations=29 (full 0):
 garbage-first heap   total 143360K, used 89780K [0x0000000080000000, 0x0000000100000000)
  region size 1024K, 4 young (4096K), 4 survivors (4096K)
 Metaspace       used 55178K, committed 55808K, reserved 1097728K
  class space    used 7363K, committed 7616K, reserved 1048576K
}
Event: 14.844 GC heap before
{Heap before GC invocations=30 (full 0):
 garbage-first heap   total 162816K, used 108212K [0x0000000080000000, 0x0000000100000000)
  region size 1024K, 22 young (22528K), 4 survivors (4096K)
 Metaspace       used 57277K, committed 57856K, reserved 1105920K
  class space    used 7648K, committed 7872K, reserved 1048576K
}
Event: 14.849 GC heap after
{Heap after GC invocations=31 (full 0):
 garbage-first heap   total 162816K, used 92178K [0x0000000080000000, 0x0000000100000000)
  region size 1024K, 3 young (3072K), 3 survivors (3072K)
 Metaspace       used 57277K, committed 57856K, reserved 1105920K
  class space    used 7648K, committed 7872K, reserved 1048576K
}
Event: 15.465 GC heap before
{Heap before GC invocations=31 (full 0):
 garbage-first heap   total 162816K, used 116754K [0x0000000080000000, 0x0000000100000000)
  region size 1024K, 27 young (27648K), 3 survivors (3072K)
 Metaspace       used 61612K, committed 62208K, reserved 1105920K
  class space    used 8141K, committed 8384K, reserved 1048576K
}
Event: 15.470 GC heap after
{Heap after GC invocations=32 (full 0):
 garbage-first heap   total 162816K, used 93067K [0x0000000080000000, 0x0000000100000000)
  region size 1024K, 1 young (1024K), 1 survivors (1024K)
 Metaspace       used 61612K, committed 62208K, reserved 1105920K
  class space    used 8141K, committed 8384K, reserved 1048576K
}
Event: 16.504 GC heap before
{Heap before GC invocations=33 (full 0):
 garbage-first heap   total 162816K, used 120715K [0x0000000080000000, 0x0000000100000000)
  region size 1024K, 28 young (28672K), 1 survivors (1024K)
 Metaspace       used 66292K, committed 67008K, reserved 1114112K
  class space    used 8783K, committed 9088K, reserved 1048576K
}
Event: 16.511 GC heap after
{Heap after GC invocations=34 (full 0):
 garbage-first heap   total 162816K, used 97269K [0x0000000080000000, 0x0000000100000000)
  region size 1024K, 4 young (4096K), 4 survivors (4096K)
 Metaspace       used 66292K, committed 67008K, reserved 1114112K
  class space    used 8783K, committed 9088K, reserved 1048576K
}
Event: 16.537 GC heap before
{Heap before GC invocations=34 (full 0):
 garbage-first heap   total 162816K, used 103413K [0x0000000080000000, 0x0000000100000000)
  region size 1024K, 7 young (7168K), 4 survivors (4096K)
 Metaspace       used 66292K, committed 67008K, reserved 1114112K
  class space    used 8783K, committed 9088K, reserved 1048576K
}
Event: 16.547 GC heap after
{Heap after GC invocations=35 (full 0):
 garbage-first heap   total 162816K, used 100592K [0x0000000080000000, 0x0000000100000000)
  region size 1024K, 1 young (1024K), 1 survivors (1024K)
 Metaspace       used 66292K, committed 67008K, reserved 1114112K
  class space    used 8783K, committed 9088K, reserved 1048576K
}
Event: 16.589 GC heap before
{Heap before GC invocations=35 (full 0):
 garbage-first heap   total 162816K, used 103664K [0x0000000080000000, 0x0000000100000000)
  region size 1024K, 5 young (5120K), 1 survivors (1024K)
 Metaspace       used 66297K, committed 67008K, reserved 1114112K
  class space    used 8783K, committed 9088K, reserved 1048576K
}

